* ******************************************************************************

* iCEcube Placer

* Version:            2016.12.27910

* Build Date:         Dec 21 2016 17:55:18

* File Generated:     Mar 12 2017 13:17:57

* Purpose:            

* Copyright (C) 2006-2010 by Lattice Semiconductor Corp. All rights reserved.

* ******************************************************************************

Executing : C:\lscc\iCEcube2.2016.12\sbt_backend\bin\win32\opt\sbtplacer.exe --des-lib C:/Users/Ed Rod/Downloads/Lattice Semiconductor.Application_Library_3/IrDA_UART_RX/impl/impl_Implmnt\sbt\netlist\oadb-uart --outdir C:/Users/Ed Rod/Downloads/Lattice Semiconductor.Application_Library_3/IrDA_UART_RX/impl/impl_Implmnt\sbt\outputs\placer --device-file C:\lscc\iCEcube2.2016.12\sbt_backend\devices\ICE40P01.dev --package TQ144 --deviceMarketName iCE40HX1K --sdc-file C:/Users/Ed Rod/Downloads/Lattice Semiconductor.Application_Library_3/IrDA_UART_RX/impl/impl_Implmnt\sbt\Temp/sbt_temp.sdc --lib-file C:\lscc\iCEcube2.2016.12\sbt_backend\devices\ice40HX1K.lib --effort_level std --out-sdc-file C:/Users/Ed Rod/Downloads/Lattice Semiconductor.Application_Library_3/IrDA_UART_RX/impl/impl_Implmnt\sbt\outputs\placer\uart_pl.sdc
I2004: Option and Settings Summary
=============================================================
Device file          - C:\lscc\iCEcube2.2016.12\sbt_backend\devices\ICE40P01.dev
Package              - TQ144
Design database      - C:/Users/Ed Rod/Downloads/Lattice Semiconductor.Application_Library_3/IrDA_UART_RX/impl/impl_Implmnt\sbt\netlist\oadb-uart
SDC file             - C:/Users/Ed Rod/Downloads/Lattice Semiconductor.Application_Library_3/IrDA_UART_RX/impl/impl_Implmnt\sbt\Temp/sbt_temp.sdc
Output directory     - C:/Users/Ed Rod/Downloads/Lattice Semiconductor.Application_Library_3/IrDA_UART_RX/impl/impl_Implmnt\sbt\outputs\placer
Timing library       - C:\lscc\iCEcube2.2016.12\sbt_backend\devices\ice40HX1K.lib
Effort level         - std

I2050: Starting reading inputs for placer
=============================================================
I2100: Reading design library: C:/Users/Ed Rod/Downloads/Lattice Semiconductor.Application_Library_3/IrDA_UART_RX/impl/impl_Implmnt\sbt\netlist\oadb-uart/BFPGA_DESIGN_ep
I2065: Reading device file : C:\lscc\iCEcube2.2016.12\sbt_backend\devices\ICE40P01.dev
I2051: Reading of inputs for placer completed successfully

I2053: Starting placement of the design
=============================================================

Input Design Statistics
    Number of LUTs      	:	132
    Number of DFFs      	:	131
    Number of DFFs packed to IO	:	0
    Number of Carrys    	:	26
    Number of RAMs      	:	0
    Number of ROMs      	:	0
    Number of IOs       	:	16
    Number of GBIOs     	:	1
    Number of GBs       	:	5
    Number of WarmBoot  	:	0
    Number of PLLs      	:	1


Phase 1
I2077: Start design legalization

Design Legalization Statistics
    Number of feedthru LUTs inserted to legalize input of DFFs     	:	64
    Number of feedthru LUTs inserted for LUTs driving multiple DFFs	:	0
    Number of LUTs replicated for LUTs driving multiple DFFs       	:	0
    Number of feedthru LUTs inserted to legalize output of CARRYs  	:	0
    Number of feedthru LUTs inserted to legalize global signals    	:	2
    Number of feedthru CARRYs inserted to legalize input of CARRYs 	:	0
    Number of inserted LUTs to Legalize IOs with PIN_TYPE= 01xxxx  	:	0
    Number of inserted LUTs to Legalize IOs with PIN_TYPE= 10xxxx  	:	0
    Number of inserted LUTs to Legalize IOs with PIN_TYPE= 11xxxx  	:	0
    Total LUTs inserted                                            	:	66
    Total CARRYs inserted                                          	:	0


I2078: Design legalization is completed successfully
I2088: Phase 1, elapsed time : 0.0 (sec)


Phase 2
I2088: Phase 2, elapsed time : 0.1 (sec)

Phase 3
Info-1404: Inferred PLL generated clock at ice_pll_inst.ice_pll_inst/PLLOUTCORE
Info-1404: Inferred PLL generated clock at ice_pll_inst.ice_pll_inst/PLLOUTGLOBAL
Warning-1034: Found non-unate timing arc, from pin "in3" to pin "lcout" of instance "GB_BUFFER_clk_in_c_g_THRU_LUT4_0_LC_196", in the clock network. Converting the timing arc to positive-unate

Design Statistics after Packing
    Number of LUTs      	:	199
    Number of DFFs      	:	131
    Number of DFFs packed to IO	:	0
    Number of Carrys    	:	26

Device Utilization Summary after Packing
    Sequential LogicCells
        LUT and DFF      	:	109
        LUT, DFF and CARRY	:	22
    Combinational LogicCells
        Only LUT         	:	67
        CARRY Only       	:	3
        LUT with CARRY   	:	1
    LogicCells                  :	202/1280
    PLBs                        :	30/160
    BRAMs                       :	0/16
    IOs and GBIOs               :	17/96
    PLLs                        :	1/1


I2088: Phase 3, elapsed time : 0.5 (sec)

Phase 4
I2088: Phase 4, elapsed time : 0.1 (sec)

Phase 5
I2088: Phase 5, elapsed time : 0.4 (sec)

Phase 6
I2088: Phase 6, elapsed time : 13.5 (sec)

Final Design Statistics
    Number of LUTs      	:	199
    Number of DFFs      	:	131
    Number of DFFs packed to IO	:	0
    Number of Carrys    	:	26
    Number of RAMs      	:	0
    Number of ROMs      	:	0
    Number of IOs       	:	16
    Number of GBIOs     	:	1
    Number of GBs       	:	5
    Number of WarmBoot  	:	0
    Number of PLLs      	:	1

Device Utilization Summary
    LogicCells                  :	202/1280
    PLBs                        :	51/160
    BRAMs                       :	0/16
    IOs and GBIOs               :	17/96
    PLLs                        :	1/1



#####################################################################
Placement Timing Summary

The timing summary is based on estimated routing delays after
placement. For final timing report, please carry out the timing
analysis after routing.
=====================================================================

#####################################################################
                     Clock Summary 
=====================================================================
Number of clocks: 3
Clock: ice_pll_inst.ice_pll_inst/PLLOUTCORE | Frequency: 168.71 MHz | Target: 381.28 MHz
Clock: ice_pll_inst.ice_pll_inst/PLLOUTGLOBAL | Frequency: N/A | Target: 381.28 MHz
Clock: uart|clk_in | Frequency: 118.81 MHz | Target: 119.62 MHz

=====================================================================
                     End of Clock Summary
#####################################################################

I2054: Placement of design completed successfully

I2076: Placer run-time: 15.0 sec.

