---------------------------------------
Resource Usage Report for uart 

Mapping to part: ice40hx1ktq144
Cell usage:
GND             3 uses
SB_CARRY        26 uses
SB_DFF          27 uses
SB_DFFE         48 uses
SB_DFFER        25 uses
SB_DFFES        2 uses
SB_DFFR         27 uses
SB_DFFS         2 uses
SB_GB           5 uses
SB_PLL40_CORE   1 use
VCC             3 uses
SB_LUT4         132 uses

I/O ports: 17
I/O primitives: 17
SB_GB_IO       1 use
SB_IO          16 uses

I/O Register bits:                  0
Register bits not including I/Os:   131 (10%)

@S |Mapping Summary:
Total  LUTs: 132 (10%)

Distribution of All Consumed LUTs = LUT4 
Distribution of All Consumed Luts 132 = 132 

