* ******************************************************************************

* iCEcube Report

* Version:            2016.12.27910

* Build Date:         Dec 21 2016 17:44:35

* File Generated:     Apr 4 2017 09:57:56

* Purpose:            General info of design implementation

* Copyright (C) 2006-2010 by Lattice Semiconductor Corp. All rights reserved.

* ******************************************************************************

Synthesis/Placement Summary:
----------------------------
    Status:  Successful
    Runtime: 2 seconds

Device Info:
------------
    Device Family: iCE40
    Device:        iCE40HX1K
    Package:       TQ144

Design statistics:
------------------
    FFs:                  129
    LUTs:                 192
    RAMs:                 0
    IOBs:                 16
    GBs:                  6
    PLLs:                 1
    Warm Boots:           0

Logic Resource Utilization:
---------------------------
    Total Logic Cells: 194/1280
        Combinational Logic Cells: 65       out of   1280      5.07813%
        Sequential Logic Cells:    129      out of   1280      10.0781%
        Logic Tiles:               51       out of   160       31.875%
    Registers: 
        Logic Registers:           129      out of   1280      10.0781%
        IO Registers:              0        out of   560       0
    Block RAMs:                    0        out of   16        0%
    Warm Boots:                    0        out of   1         0%
    Pins:
        Input Pins:                2        out of   96        2.08333%
        Output Pins:               14       out of   96        14.5833%
        InOut Pins:                0        out of   96        0%
    Global Buffers:                6        out of   8         75%
    PLLs:                          1        out of   1         100%

IO Bank Utilization:
--------------------
    Bank 3: 5        out of   24        20.8333%
    Bank 1: 7        out of   25        28%
    Bank 0: 1        out of   23        4.34783%
    Bank 2: 3        out of   24        12.5%

Detailed I/O Info:
------------------
    Input Pins: 
    Pin Number  Direction  IO Standard  Pull Up  IO Bank  IO Function    Signal Name    
    ----------  ---------  -----------  -------  -------  -----------    -----------    
    9           Input      SB_LVCMOS    No       3        Simple Input   from_pc        
    21          Input      SB_LVCMOS    No       3        Simple Input   clk_in         

    Output Pins: 
    Pin Number  Direction  IO Standard  Pull Up  IO Bank  IO Function    Signal Name    
    ----------  ---------  -----------  -------  -------  -----------    -----------    
    8           Output     SB_LVCMOS    No       3        Simple Output  o_serial_data  
    19          Output     SB_LVCMOS    No       3        Simple Output  led[5]         
    34          Output     SB_LVCMOS    No       3        Simple Output  led[6]         
    45          Output     SB_LVCMOS    No       2        Simple Output  test1          
    47          Output     SB_LVCMOS    No       2        Simple Output  test2          
    48          Output     SB_LVCMOS    No       2        Simple Output  test3          
    95          Output     SB_LVCMOS    No       1        Simple Output  led[4]         
    96          Output     SB_LVCMOS    No       1        Simple Output  led[3]         
    97          Output     SB_LVCMOS    No       1        Simple Output  led[2]         
    98          Output     SB_LVCMOS    No       1        Simple Output  led[1]         
    99          Output     SB_LVCMOS    No       1        Simple Output  led[0]         
    105         Output     SB_LVCMOS    No       1        Simple Output  to_ir          
    107         Output     SB_LVCMOS    No       1        Simple Output  sd             
    144         Output     SB_LVCMOS    No       0        Simple Output  led[7]         

Detailed Global Buffer Info:
----------------------------
    Buffer Number  IO Bank  Driven By  Fanout  Signal Name              
    -------------  -------  ---------  ------  -----------              
    1              3        IO         22      clk_in_c_g               
    5              2                   24      N_74_g                   
    3              3                   21      un1_rst_countlt21_0_i_g  
    4              0                   108     CLKOP_g                  
    7              1                   19      N_104_g                  
    6              3                   57      rst_count_i_g_19         
