* ******************************************************************************

* iCEcube Packer

* Version:            2016.12.27910

* Build Date:         Dec 21 2016 17:44:35

* File Generated:     Apr 4 2017 09:57:56

* Purpose:            General info of design implementation

* Copyright (C) 2006-2010 by Lattice Semiconductor Corp. All rights reserved.

* ******************************************************************************

Command Line: C:\lscc\iCEcube2.2016.12\sbt_backend\bin\win32\opt\packer.exe  C:\lscc\iCEcube2.2016.12\sbt_backend\devices\ICE40P01.dev  C:/Users/Ed Rod/Downloads/Lattice Semiconductor.Application_Library_4/IrDA_UART_TX/impl/impl_Implmnt\sbt\netlist\oadb-uart  --package  TQ144  --outdir  C:/Users/Ed Rod/Downloads/Lattice Semiconductor.Application_Library_4/IrDA_UART_TX/impl/impl_Implmnt\sbt\outputs\packer  --translator  C:\lscc\iCEcube2.2016.12\sbt_backend\bin\sdc_translator.tcl  --src_sdc_file  C:/Users/Ed Rod/Downloads/Lattice Semiconductor.Application_Library_4/IrDA_UART_TX/impl/impl_Implmnt\sbt\outputs\placer\uart_pl.sdc  --dst_sdc_file  C:/Users/Ed Rod/Downloads/Lattice Semiconductor.Application_Library_4/IrDA_UART_TX/impl/impl_Implmnt\sbt\outputs\packer\uart_pk.sdc  --devicename  iCE40HX1K  

***** Device Info *****
Chip: iCE40HX1K
Package: TQ144
Size: 12 X 16

***** Design Utilization Info *****
Design: uart
Used Logic Cell: 194/1280
Used Logic Tile: 51/160
Used IO Cell:    16/112
Used Bram Cell For iCE40: 0/16
Used PLL For iCE40: 0/1
Ram Cascading Used: 0
Lut Cascading Used: 1

***** Clock Info *****
Clock Domain: clk_in_c_g
Clock Source: clk_in 
Clock Driver: clk_in_ibuf_gb_io (ICE_GB_IO)
Driver Position: (0, 8, 1)
Fanout to FF: 22
Fanout to Tile: 6

Clock Domain: CLKOP_g
Clock Source: ice_pll_inst.CLKOP 
Clock Driver: ice_pll_inst.PLLOUTCORE_derived_clock_RNIPF83 (ICE_GB)
Driver Position: (6, 17, 1)
Fanout to FF: 108
Fanout to Tile: 31


***** Placement Info *****
Logic cell utilization per tile
    . . . . + . . . . 1 . . . . 
   ----------------------------
17|                             
16|   0 0 0 0 0 0 0 0 0 0 0 0   
15|   0 0 0 0 0 0 0 0 0 0 0 0   
14|   0 0 0 0 0 0 0 0 0 0 0 0   
13|   0 0 0 1 0 0 0 0 0 0 0 0   
12|   0 0 0 0 0 0 0 0 1 0 0 0   
11|   0 0 0 0 0 0 0 0 0 0 0 0   
10|   0 0 0 0 0 0 0 0 1 0 1 0   
 9|   0 0 0 0 1 4 6 1 0 0 0 1   
 8|   2 0 0 0 3 5 4 1 1 0 0 0   
 7|   0 1 0 4 5 6 8 3 0 0 0 0   
 6|   0 0 0 8 5 7 8 1 0 0 0 0   
 5|   0 1 0 8 5 7 7 1 4 0 0 0   
 4|   0 0 0 3 6 4 8 8 3 0 0 0   
 3|   0 0 0 6 4 4 2 8 7 0 0 0   
 2|   0 1 0 1 1 4 0 0 0 0 0 0   
 1|   0 0 0 0 1 1 0 0 0 0 0 0   
 0|                             

Maximum number of Logic cells per logic tile: 8
Average number of Logic cells per logic tile: 3.80

***** Input Pin Density Info *****
Number of input nets per logic tile
     .  .  .  .  +  .  .  .  .  1  .  .  .  . 
   ------------------------------------------
17|                                           
16|     0  0  0  0  0  0  0  0  0  0  0  0    
15|     0  0  0  0  0  0  0  0  0  0  0  0    
14|     0  0  0  0  0  0  0  0  0  0  0  0    
13|     0  0  0  0  0  0  0  0  0  0  0  0    
12|     0  0  0  0  0  0  0  0  1  0  0  0    
11|     0  0  0  0  0  0  0  0  0  0  0  0    
10|     0  0  0  0  0  0  0  0  1  0  1  0    
 9|     0  0  0  0  2 14  7  2  0  0  0  1    
 8|     4  0  0  0  6 10 11  4  1  0  0  0    
 7|     0  4  0  8  4 13 15  7  0  0  0  0    
 6|     0  0  0 16 11 10 15  2  0  0  0  0    
 5|     0  2  0 16 18  8  7  1  4  0  0  0    
 4|     0  0  0  4  9 12 15 11  9  0  0  0    
 3|     0  0  0  6  6 14  4 17  7  0  0  0    
 2|     0  1  0  1  1  4  0  0  0  0  0  0    
 1|     0  0  0  0  1  1  0  0  0  0  0  0    
 0|                                           

Maximum number of input nets per logic tile: 18
Average number of input nets per logic tile: 6.98

Number of input pins per logic tile
     .  .  .  .  +  .  .  .  .  1  .  .  .  . 
   ------------------------------------------
17|                                           
16|     0  0  0  0  0  0  0  0  0  0  0  0    
15|     0  0  0  0  0  0  0  0  0  0  0  0    
14|     0  0  0  0  0  0  0  0  0  0  0  0    
13|     0  0  0  0  0  0  0  0  0  0  0  0    
12|     0  0  0  0  0  0  0  0  1  0  0  0    
11|     0  0  0  0  0  0  0  0  0  0  0  0    
10|     0  0  0  0  0  0  0  0  1  0  1  0    
 9|     0  0  0  0  2 16 11  2  0  0  0  1    
 8|     5  0  0  0 12 20 16  4  1  0  0  0    
 7|     0  4  0  8  6 21 24  8  0  0  0  0    
 6|     0  0  0 16 11 16 22  2  0  0  0  0    
 5|     0  2  0 16 18 10  7  1 10  0  0  0    
 4|     0  0  0  6 12 14 18 17  9  0  0  0    
 3|     0  0  0  6 13 14  4 22 10  0  0  0    
 2|     0  1  0  1  1  4  0  0  0  0  0  0    
 1|     0  0  0  0  1  1  0  0  0  0  0  0    
 0|                                           

Maximum number of input pins per logic tile: 24
Average number of input pins per logic tile: 8.98

***** Run Time Info *****
Run Time:  2
